<?xml version="1.0" encoding="UTF-8"?>
<!-- Generated by org.testng.reporters.JUnitXMLReporter -->
<testsuite hostname="DESKTOP-DOFR3F6" failures="0" tests="3" name="Default test" time="0.046" errors="0" timestamp="28 Dec 2019 08:59:11 GMT">
  <testcase classname="TESTNG.ParallelExecution" name="TestCase1" time="0.015"/>
  <testcase classname="TESTNG.ParallelExecution" name="TestCase2" time="0.0"/>
  <testcase classname="TESTNG.ParallelExecution" name="TestCase3" time="0.0"/>
</testsuite> <!-- Default test -->
