<?xml version="1.0" encoding="UTF-8"?>
<testng-results total="2" passed="2" failed="0" skipped="0">
  <reporter-output>
  </reporter-output>
  <suite started-at="2019-12-28T10:30:45Z" name="Suite" finished-at="2019-12-28T10:30:45Z" duration-ms="56">
    <groups>
      <group name="regressiontest">
        <method signature="Grouping.TestCase1()[pri:0, instance:TESTNG.Grouping@52e677af]" name="TestCase1" class="TESTNG.Grouping"/>
      </group> <!-- regressiontest -->
      <group name="shakedowntest">
        <method signature="Grouping.TestCase3()[pri:0, instance:TESTNG.Grouping@52e677af]" name="TestCase3" class="TESTNG.Grouping"/>
      </group> <!-- shakedowntest -->
      <group name="adhoctest">
        <method signature="Grouping.TestCase3()[pri:0, instance:TESTNG.Grouping@52e677af]" name="TestCase3" class="TESTNG.Grouping"/>
      </group> <!-- adhoctest -->
      <group name="functionaltest">
        <method signature="Grouping.TestCase1()[pri:0, instance:TESTNG.Grouping@52e677af]" name="TestCase1" class="TESTNG.Grouping"/>
      </group> <!-- functionaltest -->
    </groups>
    <test started-at="2019-12-28T10:30:45Z" name="Test" finished-at="2019-12-28T10:30:45Z" duration-ms="56">
      <class name="TESTNG.Grouping">
        <test-method signature="TestCase1()[pri:0, instance:TESTNG.Grouping@52e677af]" started-at="2019-12-28T16:00:45Z" name="TestCase1" finished-at="2019-12-28T16:00:45Z" duration-ms="16" status="PASS">
          <reporter-output>
          </reporter-output>
        </test-method> <!-- TestCase1 -->
        <test-method signature="TestCase3()[pri:0, instance:TESTNG.Grouping@52e677af]" started-at="2019-12-28T16:00:45Z" name="TestCase3" finished-at="2019-12-28T16:00:45Z" duration-ms="7" status="PASS">
          <reporter-output>
          </reporter-output>
        </test-method> <!-- TestCase3 -->
      </class> <!-- TESTNG.Grouping -->
    </test> <!-- Test -->
  </suite> <!-- Suite -->
</testng-results>
